Using pre-set license
Built from '2020.3/release' branch; Version is '2020.3.2f1 (8fd9074bf66c) revision 9427207'; Using compiler version '192528614'; Build Type 'Release'
OS: 'Windows 10 Home Single Language; OS build 19042.928; Version 2009; 64bit' Language: 'pt' Physical Memory: 8101 MB
BatchMode: 1, IsHumanControllingUs: 0, StartBugReporterOnCrash: 0, Is64bit: 1, IsPro: 0

 COMMAND LINE ARGUMENTS:
C:\Program Files\Unity\Hub\Editor\2020.3.2f1\Editor\Unity.exe
-adb2
-batchMode
-noUpm
-name
AssetImportWorker0
-projectPath
C:/Users/mauri/OneDrive/Documentos/Github/ArtificialIntelligence
-logFile
Logs/AssetImportWorker0.log
-srvPort
51949
Successfully changed project path to: C:/Users/mauri/OneDrive/Documentos/Github/ArtificialIntelligence
C:/Users/mauri/OneDrive/Documentos/Github/ArtificialIntelligence
Using Asset Import Pipeline V2.
Refreshing native plugins compatible for Editor in 48.94 ms, found 0 plugins.
Preloading 0 native plugins for Editor in 0.00 ms.
Initialize engine version: 2020.3.2f1 (8fd9074bf66c)
[Subsystems] Discovering subsystems at path C:/Program Files/Unity/Hub/Editor/2020.3.2f1/Editor/Data/Resources/UnitySubsystems
[Subsystems] Discovering subsystems at path C:/Users/mauri/OneDrive/Documentos/Github/ArtificialIntelligence/Assets
GfxDevice: creating device client; threaded=0
Direct3D:
    Version:  Direct3D 11.0 [level 11.1]
    Renderer: NVIDIA GeForce MX150 (ID=0x1d10)
    Vendor:   
    VRAM:     1983 MB
    Driver:   27.21.14.6172
Initialize mono
Mono path[0] = 'C:/Program Files/Unity/Hub/Editor/2020.3.2f1/Editor/Data/Managed'
Mono path[1] = 'C:/Program Files/Unity/Hub/Editor/2020.3.2f1/Editor/Data/MonoBleedingEdge/lib/mono/unityjit'
Mono config path = 'C:/Program Files/Unity/Hub/Editor/2020.3.2f1/Editor/Data/MonoBleedingEdge/etc'
Using monoOptions --debugger-agent=transport=dt_socket,embedding=1,server=y,suspend=n,address=127.0.0.1:56320
Begin MonoManager ReloadAssembly
Registering precompiled unity dll's ...
Register platform support module: C:/Program Files/Unity/Hub/Editor/2020.3.2f1/Editor/Data/PlaybackEngines/MacStandaloneSupport/UnityEditor.OSXStandalone.Extensions.dll
Register platform support module: C:/Program Files/Unity/Hub/Editor/2020.3.2f1/Editor/Data/PlaybackEngines/WindowsStandaloneSupport/UnityEditor.WindowsStandalone.Extensions.dll
Register platform support module: C:/Program Files/Unity/Hub/Editor/2020.3.2f1/Editor/Data/PlaybackEngines/LinuxStandaloneSupport/UnityEditor.LinuxStandalone.Extensions.dll
Registered in 0.412840 seconds.
Native extension for LinuxStandalone target not found
Native extension for WindowsStandalone target not found
Native extension for OSXStandalone target not found
Refreshing native plugins compatible for Editor in 79.38 ms, found 0 plugins.
Preloading 0 native plugins for Editor in 0.00 ms.
Invoked RoslynAnalysisRunner static constructor.
RoslynAnalysisRunner will not be running.
RoslynAnalysisRunner has terminated.
Mono: successfully reloaded assembly
- Completed reload, in  6.483 seconds
Platform modules already initialized, skipping
Registering precompiled user dll's ...
Registered in 0.109607 seconds.
Begin MonoManager ReloadAssembly
Native extension for LinuxStandalone target not found
Native extension for WindowsStandalone target not found
Native extension for OSXStandalone target not found
Refreshing native plugins compatible for Editor in 0.39 ms, found 0 plugins.
Preloading 0 native plugins for Editor in 0.00 ms.
Invoked RoslynAnalysisRunner static constructor.
RoslynAnalysisRunner will not be running.
RoslynAnalysisRunner has terminated.
Mono: successfully reloaded assembly
- Completed reload, in  3.504 seconds
Platform modules already initialized, skipping
========================================================================
Worker process is ready to serve import requests
Launched and connected shader compiler UnityShaderCompiler.exe after 0.15 seconds
Refreshing native plugins compatible for Editor in 0.48 ms, found 0 plugins.
Preloading 0 native plugins for Editor in 0.00 ms.
Unloading 1120 Unused Serialized files (Serialized files now loaded: 0)
System memory in use before: 57.2 MB.
System memory in use after: 57.3 MB.

Unloading 10 unused Assets to reduce memory usage. Loaded Objects now: 1562.
Total: 2.883700 ms (FindLiveObjects: 0.233500 ms CreateObjectMapping: 0.078800 ms MarkObjects: 2.440800 ms  DeleteObjects: 0.128300 ms)

========================================================================
Received Import Request.
  path: Assets/Scripts/PathRequestManager.cs
  artifactKey: Guid(f16c08a6808560548ae925d6c5d29d43) Importer(815301076,1909f56bfc062723c751e8b465ee728b)
Start importing Assets/Scripts/PathRequestManager.cs using Guid(f16c08a6808560548ae925d6c5d29d43) Importer(815301076,1909f56bfc062723c751e8b465ee728b)  -> (artifact id: '81f8c42859631fa5145380a85020b4eb') in 0.680750 seconds
  Import took 0.683996 seconds .

========================================================================
Received Import Request.
  Time since last request: 3486.795581 seconds.
  path: Assets/Scripts/PathRequestManager.cs
  artifactKey: Guid(f16c08a6808560548ae925d6c5d29d43) Importer(815301076,1909f56bfc062723c751e8b465ee728b)
Start importing Assets/Scripts/PathRequestManager.cs using Guid(f16c08a6808560548ae925d6c5d29d43) Importer(815301076,1909f56bfc062723c751e8b465ee728b)  -> (artifact id: '46eb9a4525b03f8e2b5eef3b0bf83c90') in 0.019172 seconds
  Import took 0.039951 seconds .

========================================================================
Received Import Request.
  Time since last request: 68.834869 seconds.
  path: Assets/Scripts/Pathfinding.cs
  artifactKey: Guid(259ccd64b90d2e34d97221d2878b0922) Importer(815301076,1909f56bfc062723c751e8b465ee728b)
Start importing Assets/Scripts/Pathfinding.cs using Guid(259ccd64b90d2e34d97221d2878b0922) Importer(815301076,1909f56bfc062723c751e8b465ee728b)  -> (artifact id: 'f30a2183175ef85bbcf0eea30bbb5fff') in 0.022298 seconds
  Import took 0.027169 seconds .

========================================================================
Received Import Request.
  Time since last request: 412.454221 seconds.
  path: Assets/Scripts/Pathfinding.cs
  artifactKey: Guid(259ccd64b90d2e34d97221d2878b0922) Importer(815301076,1909f56bfc062723c751e8b465ee728b)
Start importing Assets/Scripts/Pathfinding.cs using Guid(259ccd64b90d2e34d97221d2878b0922) Importer(815301076,1909f56bfc062723c751e8b465ee728b)  -> (artifact id: '2e83b1f7044623d8fa298da3038899c6') in 0.054324 seconds
  Import took 0.124873 seconds .

========================================================================
Received Import Request.
  Time since last request: 5.631726 seconds.
  path: Assets/Scripts/NodeGrid.cs
  artifactKey: Guid(2553c757e3b9b164c91356ec265a0dfb) Importer(815301076,1909f56bfc062723c751e8b465ee728b)
Start importing Assets/Scripts/NodeGrid.cs using Guid(2553c757e3b9b164c91356ec265a0dfb) Importer(815301076,1909f56bfc062723c751e8b465ee728b)  -> (artifact id: 'e34ba486bf0a59272318caf031ab9b6d') in 0.041206 seconds
  Import took 0.069726 seconds .

========================================================================
Received Prepare
Registering precompiled user dll's ...
Registered in 0.001443 seconds.
Begin MonoManager ReloadAssembly
Native extension for LinuxStandalone target not found
Native extension for WindowsStandalone target not found
Native extension for OSXStandalone target not found
Refreshing native plugins compatible for Editor in 0.32 ms, found 0 plugins.
Preloading 0 native plugins for Editor in 0.00 ms.
Invoked RoslynAnalysisRunner static constructor.
RoslynAnalysisRunner will not be running.
RoslynAnalysisRunner has terminated.
Mono: successfully reloaded assembly
- Completed reload, in  1.582 seconds
Platform modules already initialized, skipping
Refreshing native plugins compatible for Editor in 0.34 ms, found 0 plugins.
Preloading 0 native plugins for Editor in 0.00 ms.
Unloading 1115 Unused Serialized files (Serialized files now loaded: 0)
System memory in use before: 57.2 MB.
System memory in use after: 57.2 MB.

Unloading 5 unused Assets to reduce memory usage. Loaded Objects now: 1565.
Total: 2.875100 ms (FindLiveObjects: 0.232000 ms CreateObjectMapping: 0.057000 ms MarkObjects: 2.495700 ms  DeleteObjects: 0.088300 ms)

========================================================================
Received Import Request.
  Time since last request: 411.008863 seconds.
  path: Assets/Scripts/NodeGrid.cs
  artifactKey: Guid(2553c757e3b9b164c91356ec265a0dfb) Importer(815301076,1909f56bfc062723c751e8b465ee728b)
Start importing Assets/Scripts/NodeGrid.cs using Guid(2553c757e3b9b164c91356ec265a0dfb) Importer(815301076,1909f56bfc062723c751e8b465ee728b)  -> (artifact id: '22ea7945fc2bfb77dc7e5770d42e4fc8') in 0.007304 seconds
  Import took 0.059687 seconds .

========================================================================
Received Import Request.
  Time since last request: 191.216359 seconds.
  path: Assets/Scripts/Unit.cs
  artifactKey: Guid(4b972c782d777ae4185f6fd250645d0c) Importer(815301076,1909f56bfc062723c751e8b465ee728b)
Start importing Assets/Scripts/Unit.cs using Guid(4b972c782d777ae4185f6fd250645d0c) Importer(815301076,1909f56bfc062723c751e8b465ee728b)  -> (artifact id: '16def56444580d2fb71006a54d734400') in 0.009867 seconds
  Import took 0.040480 seconds .

========================================================================
Received Prepare
Registering precompiled user dll's ...
Registered in 0.001288 seconds.
Begin MonoManager ReloadAssembly
Native extension for LinuxStandalone target not found
Native extension for WindowsStandalone target not found
Native extension for OSXStandalone target not found
Refreshing native plugins compatible for Editor in 0.34 ms, found 0 plugins.
Preloading 0 native plugins for Editor in 0.00 ms.
Invoked RoslynAnalysisRunner static constructor.
RoslynAnalysisRunner will not be running.
RoslynAnalysisRunner has terminated.
Mono: successfully reloaded assembly
- Completed reload, in  1.711 seconds
Platform modules already initialized, skipping
Refreshing native plugins compatible for Editor in 0.21 ms, found 0 plugins.
Preloading 0 native plugins for Editor in 0.00 ms.
Unloading 1116 Unused Serialized files (Serialized files now loaded: 0)
System memory in use before: 57.3 MB.
System memory in use after: 57.3 MB.

Unloading 5 unused Assets to reduce memory usage. Loaded Objects now: 1569.
Total: 3.887000 ms (FindLiveObjects: 0.264300 ms CreateObjectMapping: 0.116900 ms MarkObjects: 3.435000 ms  DeleteObjects: 0.068500 ms)

========================================================================
Received Import Request.
  Time since last request: 600.062465 seconds.
  path: Assets/Scripts/Unit.cs
  artifactKey: Guid(4b972c782d777ae4185f6fd250645d0c) Importer(815301076,1909f56bfc062723c751e8b465ee728b)
Start importing Assets/Scripts/Unit.cs using Guid(4b972c782d777ae4185f6fd250645d0c) Importer(815301076,1909f56bfc062723c751e8b465ee728b)  -> (artifact id: '094f9561266954cbe95970ce0c7faaa2') in 0.010693 seconds
  Import took 0.015561 seconds .

========================================================================
Received Prepare
Registering precompiled user dll's ...
Registered in 0.001335 seconds.
Begin MonoManager ReloadAssembly
Native extension for LinuxStandalone target not found
Native extension for WindowsStandalone target not found
Native extension for OSXStandalone target not found
Refreshing native plugins compatible for Editor in 0.33 ms, found 0 plugins.
Preloading 0 native plugins for Editor in 0.00 ms.
Invoked RoslynAnalysisRunner static constructor.
RoslynAnalysisRunner will not be running.
RoslynAnalysisRunner has terminated.
Mono: successfully reloaded assembly
- Completed reload, in  1.587 seconds
Platform modules already initialized, skipping
Refreshing native plugins compatible for Editor in 0.31 ms, found 0 plugins.
Preloading 0 native plugins for Editor in 0.00 ms.
Unloading 1116 Unused Serialized files (Serialized files now loaded: 0)
System memory in use before: 57.3 MB.
System memory in use after: 57.4 MB.

Unloading 5 unused Assets to reduce memory usage. Loaded Objects now: 1572.
Total: 3.061800 ms (FindLiveObjects: 0.304100 ms CreateObjectMapping: 0.079200 ms MarkObjects: 2.558100 ms  DeleteObjects: 0.118400 ms)

========================================================================
Received Import Request.
  Time since last request: 25.715325 seconds.
  path: Assets/Scripts/Unit.cs
  artifactKey: Guid(4b972c782d777ae4185f6fd250645d0c) Importer(815301076,1909f56bfc062723c751e8b465ee728b)
Start importing Assets/Scripts/Unit.cs using Guid(4b972c782d777ae4185f6fd250645d0c) Importer(815301076,1909f56bfc062723c751e8b465ee728b)  -> (artifact id: '0573d8eb74fe8afbea61379f6ab299c8') in 0.007228 seconds
  Import took 0.075505 seconds .

========================================================================
Received Prepare
Registering precompiled user dll's ...
Registered in 0.001282 seconds.
Begin MonoManager ReloadAssembly
Native extension for LinuxStandalone target not found
Native extension for WindowsStandalone target not found
Native extension for OSXStandalone target not found
Refreshing native plugins compatible for Editor in 0.32 ms, found 0 plugins.
Preloading 0 native plugins for Editor in 0.00 ms.
Invoked RoslynAnalysisRunner static constructor.
RoslynAnalysisRunner will not be running.
RoslynAnalysisRunner has terminated.
Mono: successfully reloaded assembly
- Completed reload, in  1.486 seconds
Platform modules already initialized, skipping
Refreshing native plugins compatible for Editor in 0.33 ms, found 0 plugins.
Preloading 0 native plugins for Editor in 0.00 ms.
Unloading 1116 Unused Serialized files (Serialized files now loaded: 0)
System memory in use before: 57.3 MB.
System memory in use after: 57.4 MB.

Unloading 5 unused Assets to reduce memory usage. Loaded Objects now: 1575.
Total: 2.949100 ms (FindLiveObjects: 0.251900 ms CreateObjectMapping: 0.066500 ms MarkObjects: 2.545100 ms  DeleteObjects: 0.082800 ms)

========================================================================
Received Prepare
Registering precompiled user dll's ...
Registered in 0.001336 seconds.
Begin MonoManager ReloadAssembly
Native extension for LinuxStandalone target not found
Native extension for WindowsStandalone target not found
Native extension for OSXStandalone target not found
Refreshing native plugins compatible for Editor in 0.32 ms, found 0 plugins.
Preloading 0 native plugins for Editor in 0.00 ms.
Invoked RoslynAnalysisRunner static constructor.
RoslynAnalysisRunner will not be running.
RoslynAnalysisRunner has terminated.
Mono: successfully reloaded assembly
- Completed reload, in  1.522 seconds
Platform modules already initialized, skipping
Refreshing native plugins compatible for Editor in 0.21 ms, found 0 plugins.
Preloading 0 native plugins for Editor in 0.00 ms.
Unloading 1116 Unused Serialized files (Serialized files now loaded: 0)
System memory in use before: 57.3 MB.
System memory in use after: 57.4 MB.

Unloading 5 unused Assets to reduce memory usage. Loaded Objects now: 1578.
Total: 1.929700 ms (FindLiveObjects: 0.163900 ms CreateObjectMapping: 0.061900 ms MarkObjects: 1.624700 ms  DeleteObjects: 0.077700 ms)

========================================================================
Received Import Request.
  Time since last request: 2948.083018 seconds.
  path: Assets/Models
  artifactKey: Guid(01f01a106b5f54e4f8f8c044a4763ba6) Importer(815301076,1909f56bfc062723c751e8b465ee728b)
Start importing Assets/Models using Guid(01f01a106b5f54e4f8f8c044a4763ba6) Importer(815301076,1909f56bfc062723c751e8b465ee728b)  -> (artifact id: '325f0d61178084cdbbf90e0a32e7f2b4') in 0.014200 seconds
  Import took 0.100354 seconds .

========================================================================
Received Import Request.
  Time since last request: 13.980645 seconds.
  path: Assets/Models/Road.blend
  artifactKey: Guid(d230183a8b3b9f447898b102a0cf0b84) Importer(815301076,1909f56bfc062723c751e8b465ee728b)
Start importing Assets/Models/Road.blend using Guid(d230183a8b3b9f447898b102a0cf0b84) Importer(815301076,1909f56bfc062723c751e8b465ee728b)  -> (artifact id: '6190295c1f7c690de2898d2ab3fa89a8') in 0.953243 seconds
  Import took 0.987776 seconds .

========================================================================
Received Import Request.
  Time since last request: 46.486185 seconds.
  path: Assets/Models/Road.blend
  artifactKey: Guid(d230183a8b3b9f447898b102a0cf0b84) Importer(815301076,1909f56bfc062723c751e8b465ee728b)
Start importing Assets/Models/Road.blend using Guid(d230183a8b3b9f447898b102a0cf0b84) Importer(815301076,1909f56bfc062723c751e8b465ee728b)  -> (artifact id: 'abf91048e46cd30019777527bee2de86') in 0.050278 seconds
  Import took 0.084069 seconds .

========================================================================
Received Import Request.
  Time since last request: 34.188869 seconds.
  path: Assets/Models/Road.blend
  artifactKey: Guid(d230183a8b3b9f447898b102a0cf0b84) Importer(815301076,1909f56bfc062723c751e8b465ee728b)
Start importing Assets/Models/Road.blend using Guid(d230183a8b3b9f447898b102a0cf0b84) Importer(815301076,1909f56bfc062723c751e8b465ee728b)  -> (artifact id: 'a4233eb9234eed8d7ced4220e322ba32') in 0.028721 seconds
  Import took 0.054712 seconds .

========================================================================
Received Import Request.
  Time since last request: 10.067014 seconds.
  path: Assets/Models/Road.blend
  artifactKey: Guid(d230183a8b3b9f447898b102a0cf0b84) Importer(815301076,1909f56bfc062723c751e8b465ee728b)
Start importing Assets/Models/Road.blend using Guid(d230183a8b3b9f447898b102a0cf0b84) Importer(815301076,1909f56bfc062723c751e8b465ee728b)  -> (artifact id: '98c20abcc7d5fa50d40e73a4412d21fd') in 0.051380 seconds
  Import took 0.102851 seconds .

========================================================================
Received Import Request.
  Time since last request: 9.001065 seconds.
  path: Assets/Models/Road.blend
  artifactKey: Guid(d230183a8b3b9f447898b102a0cf0b84) Importer(815301076,1909f56bfc062723c751e8b465ee728b)
Start importing Assets/Models/Road.blend using Guid(d230183a8b3b9f447898b102a0cf0b84) Importer(815301076,1909f56bfc062723c751e8b465ee728b)  -> (artifact id: '468fbcf497caacd6a0a6d8418ffda8c0') in 0.050222 seconds
  Import took 0.054814 seconds .

========================================================================
Received Import Request.
  Time since last request: 105.129111 seconds.
  path: ProjectSettings/TagManager.asset
  artifactKey: Guid(00000000000000003000000000000000) Importer(815301076,1909f56bfc062723c751e8b465ee728b)
Start importing ProjectSettings/TagManager.asset using Guid(00000000000000003000000000000000) Importer(815301076,1909f56bfc062723c751e8b465ee728b)  -> (artifact id: 'bf80777652573a3bf0da57e8411d9d0f') in 0.024174 seconds
  Import took 0.028444 seconds .

========================================================================
Received Import Request.
  Time since last request: 0.012456 seconds.
  path: ProjectSettings/TagManager.asset
  artifactKey: Guid(00000000000000003000000000000000) Importer(815301076,1909f56bfc062723c751e8b465ee728b)
Start importing ProjectSettings/TagManager.asset using Guid(00000000000000003000000000000000) Importer(815301076,1909f56bfc062723c751e8b465ee728b)  -> (artifact id: 'bf80777652573a3bf0da57e8411d9d0f') in 0.005260 seconds
  Import took 0.028923 seconds .

========================================================================
Received Import Request.
  Time since last request: 103.938554 seconds.
  path: Assets/Scripts/Node.cs
  artifactKey: Guid(7d3d54e986a127e458d2e20ea756ed2f) Importer(815301076,1909f56bfc062723c751e8b465ee728b)
Start importing Assets/Scripts/Node.cs using Guid(7d3d54e986a127e458d2e20ea756ed2f) Importer(815301076,1909f56bfc062723c751e8b465ee728b)  -> (artifact id: '1ca8e5efdf4fd1ad109869e8642000de') in 0.008052 seconds
  Import took 0.083544 seconds .

========================================================================
Received Prepare
Registering precompiled user dll's ...
Registered in 0.001440 seconds.
Begin MonoManager ReloadAssembly
Native extension for LinuxStandalone target not found
Native extension for WindowsStandalone target not found
Native extension for OSXStandalone target not found
Refreshing native plugins compatible for Editor in 0.33 ms, found 0 plugins.
Preloading 0 native plugins for Editor in 0.00 ms.
Invoked RoslynAnalysisRunner static constructor.
RoslynAnalysisRunner will not be running.
RoslynAnalysisRunner has terminated.
Mono: successfully reloaded assembly
- Completed reload, in  1.673 seconds
Platform modules already initialized, skipping
Refreshing native plugins compatible for Editor in 0.32 ms, found 0 plugins.
Preloading 0 native plugins for Editor in 0.00 ms.
Unloading 1116 Unused Serialized files (Serialized files now loaded: 0)
System memory in use before: 60.8 MB.
System memory in use after: 60.8 MB.

Unloading 7 unused Assets to reduce memory usage. Loaded Objects now: 1624.
Total: 2.967700 ms (FindLiveObjects: 0.228100 ms CreateObjectMapping: 0.070900 ms MarkObjects: 2.579500 ms  DeleteObjects: 0.087100 ms)

========================================================================
Received Import Request.
  Time since last request: 187.265333 seconds.
  path: Assets/Scripts/Node.cs
  artifactKey: Guid(7d3d54e986a127e458d2e20ea756ed2f) Importer(815301076,1909f56bfc062723c751e8b465ee728b)
Start importing Assets/Scripts/Node.cs using Guid(7d3d54e986a127e458d2e20ea756ed2f) Importer(815301076,1909f56bfc062723c751e8b465ee728b)  -> (artifact id: '61ce682b81903aef01573202b60e9e17') in 0.007232 seconds
  Import took 0.010615 seconds .

========================================================================
Received Prepare
Registering precompiled user dll's ...
Registered in 0.001376 seconds.
Begin MonoManager ReloadAssembly
Native extension for LinuxStandalone target not found
Native extension for WindowsStandalone target not found
Native extension for OSXStandalone target not found
Refreshing native plugins compatible for Editor in 0.33 ms, found 0 plugins.
Preloading 0 native plugins for Editor in 0.00 ms.
Invoked RoslynAnalysisRunner static constructor.
RoslynAnalysisRunner will not be running.
RoslynAnalysisRunner has terminated.
Mono: successfully reloaded assembly
- Completed reload, in  1.529 seconds
Platform modules already initialized, skipping
Refreshing native plugins compatible for Editor in 0.33 ms, found 0 plugins.
Preloading 0 native plugins for Editor in 0.00 ms.
Unloading 1116 Unused Serialized files (Serialized files now loaded: 0)
System memory in use before: 60.8 MB.
System memory in use after: 60.8 MB.

Unloading 5 unused Assets to reduce memory usage. Loaded Objects now: 1627.
Total: 3.005100 ms (FindLiveObjects: 0.235200 ms CreateObjectMapping: 0.063100 ms MarkObjects: 2.619500 ms  DeleteObjects: 0.085500 ms)

========================================================================
Received Prepare
Registering precompiled user dll's ...
Registered in 0.001293 seconds.
Begin MonoManager ReloadAssembly
Native extension for LinuxStandalone target not found
Native extension for WindowsStandalone target not found
Native extension for OSXStandalone target not found
Refreshing native plugins compatible for Editor in 0.32 ms, found 0 plugins.
Preloading 0 native plugins for Editor in 0.00 ms.
Invoked RoslynAnalysisRunner static constructor.
RoslynAnalysisRunner will not be running.
RoslynAnalysisRunner has terminated.
Mono: successfully reloaded assembly
- Completed reload, in  1.518 seconds
Platform modules already initialized, skipping
Refreshing native plugins compatible for Editor in 0.32 ms, found 0 plugins.
Preloading 0 native plugins for Editor in 0.00 ms.
Unloading 1116 Unused Serialized files (Serialized files now loaded: 0)
System memory in use before: 60.8 MB.
System memory in use after: 60.8 MB.

Unloading 5 unused Assets to reduce memory usage. Loaded Objects now: 1630.
Total: 3.478600 ms (FindLiveObjects: 0.347700 ms CreateObjectMapping: 0.111900 ms MarkObjects: 2.929100 ms  DeleteObjects: 0.084800 ms)

========================================================================
Received Prepare
Registering precompiled user dll's ...
Registered in 0.001331 seconds.
Begin MonoManager ReloadAssembly
Native extension for LinuxStandalone target not found
Native extension for WindowsStandalone target not found
Native extension for OSXStandalone target not found
Refreshing native plugins compatible for Editor in 0.38 ms, found 0 plugins.
Preloading 0 native plugins for Editor in 0.00 ms.
Invoked RoslynAnalysisRunner static constructor.
RoslynAnalysisRunner will not be running.
RoslynAnalysisRunner has terminated.
Mono: successfully reloaded assembly
- Completed reload, in  1.884 seconds
Platform modules already initialized, skipping
Refreshing native plugins compatible for Editor in 0.32 ms, found 0 plugins.
Preloading 0 native plugins for Editor in 0.00 ms.
Unloading 1116 Unused Serialized files (Serialized files now loaded: 0)
System memory in use before: 60.8 MB.
System memory in use after: 60.9 MB.

Unloading 5 unused Assets to reduce memory usage. Loaded Objects now: 1633.
Total: 2.971800 ms (FindLiveObjects: 0.239600 ms CreateObjectMapping: 0.068700 ms MarkObjects: 2.574900 ms  DeleteObjects: 0.086400 ms)

========================================================================
Received Prepare
Registering precompiled user dll's ...
Registered in 0.001368 seconds.
Begin MonoManager ReloadAssembly
Native extension for LinuxStandalone target not found
Native extension for WindowsStandalone target not found
Native extension for OSXStandalone target not found
Refreshing native plugins compatible for Editor in 0.33 ms, found 0 plugins.
Preloading 0 native plugins for Editor in 0.00 ms.
Invoked RoslynAnalysisRunner static constructor.
RoslynAnalysisRunner will not be running.
RoslynAnalysisRunner has terminated.
Mono: successfully reloaded assembly
- Completed reload, in  1.517 seconds
Platform modules already initialized, skipping
Refreshing native plugins compatible for Editor in 0.32 ms, found 0 plugins.
Preloading 0 native plugins for Editor in 0.00 ms.
Unloading 1116 Unused Serialized files (Serialized files now loaded: 0)
System memory in use before: 60.8 MB.
System memory in use after: 60.9 MB.

Unloading 5 unused Assets to reduce memory usage. Loaded Objects now: 1636.
Total: 2.982300 ms (FindLiveObjects: 0.240200 ms CreateObjectMapping: 0.087800 ms MarkObjects: 2.565200 ms  DeleteObjects: 0.086700 ms)

========================================================================
Received Prepare
Registering precompiled user dll's ...
Registered in 0.001895 seconds.
Begin MonoManager ReloadAssembly
Native extension for LinuxStandalone target not found
Native extension for WindowsStandalone target not found
Native extension for OSXStandalone target not found
Refreshing native plugins compatible for Editor in 0.33 ms, found 0 plugins.
Preloading 0 native plugins for Editor in 0.00 ms.
Invoked RoslynAnalysisRunner static constructor.
RoslynAnalysisRunner will not be running.
RoslynAnalysisRunner has terminated.
Mono: successfully reloaded assembly
- Completed reload, in  1.559 seconds
Platform modules already initialized, skipping
Refreshing native plugins compatible for Editor in 0.32 ms, found 0 plugins.
Preloading 0 native plugins for Editor in 0.00 ms.
Unloading 1116 Unused Serialized files (Serialized files now loaded: 0)
System memory in use before: 60.8 MB.
System memory in use after: 60.9 MB.

Unloading 5 unused Assets to reduce memory usage. Loaded Objects now: 1639.
Total: 2.873300 ms (FindLiveObjects: 0.273400 ms CreateObjectMapping: 0.062900 ms MarkObjects: 2.461700 ms  DeleteObjects: 0.073700 ms)

========================================================================
Received Prepare
Registering precompiled user dll's ...
Registered in 0.001317 seconds.
Begin MonoManager ReloadAssembly
Native extension for LinuxStandalone target not found
Native extension for WindowsStandalone target not found
Native extension for OSXStandalone target not found
Refreshing native plugins compatible for Editor in 0.33 ms, found 0 plugins.
Preloading 0 native plugins for Editor in 0.00 ms.
Invoked RoslynAnalysisRunner static constructor.
RoslynAnalysisRunner will not be running.
RoslynAnalysisRunner has terminated.
Mono: successfully reloaded assembly
- Completed reload, in  1.599 seconds
Platform modules already initialized, skipping
Refreshing native plugins compatible for Editor in 1.22 ms, found 0 plugins.
Preloading 0 native plugins for Editor in 0.00 ms.
Unloading 1116 Unused Serialized files (Serialized files now loaded: 0)
System memory in use before: 60.8 MB.
System memory in use after: 60.9 MB.

Unloading 5 unused Assets to reduce memory usage. Loaded Objects now: 1642.
Total: 3.017900 ms (FindLiveObjects: 0.395800 ms CreateObjectMapping: 0.069600 ms MarkObjects: 2.461200 ms  DeleteObjects: 0.087500 ms)

========================================================================
Received Prepare
Registering precompiled user dll's ...
Registered in 0.001915 seconds.
Begin MonoManager ReloadAssembly
Native extension for LinuxStandalone target not found
Native extension for WindowsStandalone target not found
Native extension for OSXStandalone target not found
Refreshing native plugins compatible for Editor in 0.33 ms, found 0 plugins.
Preloading 0 native plugins for Editor in 0.00 ms.
Invoked RoslynAnalysisRunner static constructor.
RoslynAnalysisRunner will not be running.
RoslynAnalysisRunner has terminated.
Mono: successfully reloaded assembly
- Completed reload, in  1.610 seconds
Platform modules already initialized, skipping
Refreshing native plugins compatible for Editor in 0.31 ms, found 0 plugins.
Preloading 0 native plugins for Editor in 0.00 ms.
Unloading 1116 Unused Serialized files (Serialized files now loaded: 0)
System memory in use before: 60.8 MB.
System memory in use after: 60.9 MB.

Unloading 5 unused Assets to reduce memory usage. Loaded Objects now: 1645.
Total: 2.954500 ms (FindLiveObjects: 0.320000 ms CreateObjectMapping: 0.074700 ms MarkObjects: 2.476100 ms  DeleteObjects: 0.081800 ms)

========================================================================
Received Prepare
Registering precompiled user dll's ...
Registered in 0.001901 seconds.
Begin MonoManager ReloadAssembly
Native extension for LinuxStandalone target not found
Native extension for WindowsStandalone target not found
Native extension for OSXStandalone target not found
Refreshing native plugins compatible for Editor in 0.33 ms, found 0 plugins.
Preloading 0 native plugins for Editor in 0.00 ms.
Invoked RoslynAnalysisRunner static constructor.
RoslynAnalysisRunner will not be running.
RoslynAnalysisRunner has terminated.
Mono: successfully reloaded assembly
- Completed reload, in  1.584 seconds
Platform modules already initialized, skipping
Refreshing native plugins compatible for Editor in 0.31 ms, found 0 plugins.
Preloading 0 native plugins for Editor in 0.00 ms.
Unloading 1116 Unused Serialized files (Serialized files now loaded: 0)
System memory in use before: 60.8 MB.
System memory in use after: 60.9 MB.

Unloading 5 unused Assets to reduce memory usage. Loaded Objects now: 1648.
Total: 3.000500 ms (FindLiveObjects: 0.274200 ms CreateObjectMapping: 0.124500 ms MarkObjects: 2.512700 ms  DeleteObjects: 0.086600 ms)

========================================================================
Received Prepare
Registering precompiled user dll's ...
Registered in 0.001404 seconds.
Begin MonoManager ReloadAssembly
Native extension for LinuxStandalone target not found
Native extension for WindowsStandalone target not found
Native extension for OSXStandalone target not found
Refreshing native plugins compatible for Editor in 0.33 ms, found 0 plugins.
Preloading 0 native plugins for Editor in 0.00 ms.
Invoked RoslynAnalysisRunner static constructor.
RoslynAnalysisRunner will not be running.
RoslynAnalysisRunner has terminated.
Mono: successfully reloaded assembly
- Completed reload, in  1.620 seconds
Platform modules already initialized, skipping
Refreshing native plugins compatible for Editor in 0.33 ms, found 0 plugins.
Preloading 0 native plugins for Editor in 0.00 ms.
Unloading 1116 Unused Serialized files (Serialized files now loaded: 0)
System memory in use before: 60.8 MB.
System memory in use after: 60.9 MB.

Unloading 5 unused Assets to reduce memory usage. Loaded Objects now: 1651.
Total: 3.189300 ms (FindLiveObjects: 0.302800 ms CreateObjectMapping: 0.083400 ms MarkObjects: 2.718400 ms  DeleteObjects: 0.082400 ms)

========================================================================
Received Import Request.
  Time since last request: 3053.340522 seconds.
  path: Assets/Scripts/Line.cs
  artifactKey: Guid(4845d6eab9962554e9bd4b9f93d414ed) Importer(815301076,1909f56bfc062723c751e8b465ee728b)
Start importing Assets/Scripts/Line.cs using Guid(4845d6eab9962554e9bd4b9f93d414ed) Importer(815301076,1909f56bfc062723c751e8b465ee728b)  -> (artifact id: '40710234ec02c7f103ca60ec51327360') in 0.022325 seconds
  Import took 0.100602 seconds .

========================================================================
Received Prepare
Registering precompiled user dll's ...
Registered in 0.001880 seconds.
Begin MonoManager ReloadAssembly
Native extension for LinuxStandalone target not found
Native extension for WindowsStandalone target not found
Native extension for OSXStandalone target not found
Refreshing native plugins compatible for Editor in 0.35 ms, found 0 plugins.
Preloading 0 native plugins for Editor in 0.00 ms.
Invoked RoslynAnalysisRunner static constructor.
RoslynAnalysisRunner will not be running.
RoslynAnalysisRunner has terminated.
Mono: successfully reloaded assembly
- Completed reload, in  1.865 seconds
Platform modules already initialized, skipping
Refreshing native plugins compatible for Editor in 0.33 ms, found 0 plugins.
Preloading 0 native plugins for Editor in 0.00 ms.
Unloading 1117 Unused Serialized files (Serialized files now loaded: 0)
System memory in use before: 60.8 MB.
System memory in use after: 60.9 MB.

Unloading 5 unused Assets to reduce memory usage. Loaded Objects now: 1655.
Total: 3.228400 ms (FindLiveObjects: 0.361300 ms CreateObjectMapping: 0.118000 ms MarkObjects: 2.649000 ms  DeleteObjects: 0.097400 ms)

========================================================================
Received Prepare
Registering precompiled user dll's ...
Registered in 0.002426 seconds.
Begin MonoManager ReloadAssembly
Native extension for LinuxStandalone target not found
Native extension for WindowsStandalone target not found
Native extension for OSXStandalone target not found
Refreshing native plugins compatible for Editor in 0.33 ms, found 0 plugins.
Preloading 0 native plugins for Editor in 0.00 ms.
Invoked RoslynAnalysisRunner static constructor.
RoslynAnalysisRunner will not be running.
RoslynAnalysisRunner has terminated.
Mono: successfully reloaded assembly
- Completed reload, in  1.842 seconds
Platform modules already initialized, skipping
Refreshing native plugins compatible for Editor in 0.32 ms, found 0 plugins.
Preloading 0 native plugins for Editor in 0.00 ms.
Unloading 1117 Unused Serialized files (Serialized files now loaded: 0)
System memory in use before: 60.8 MB.
System memory in use after: 60.9 MB.

Unloading 5 unused Assets to reduce memory usage. Loaded Objects now: 1658.
Total: 2.943500 ms (FindLiveObjects: 0.269200 ms CreateObjectMapping: 0.075200 ms MarkObjects: 2.512600 ms  DeleteObjects: 0.084700 ms)

========================================================================
Received Import Request.
  Time since last request: 651.672004 seconds.
  path: Assets/Scripts/Line.cs
  artifactKey: Guid(4845d6eab9962554e9bd4b9f93d414ed) Importer(815301076,1909f56bfc062723c751e8b465ee728b)
Start importing Assets/Scripts/Line.cs using Guid(4845d6eab9962554e9bd4b9f93d414ed) Importer(815301076,1909f56bfc062723c751e8b465ee728b)  -> (artifact id: '50aff0e35732aa4609b658f358b56447') in 0.007366 seconds
  Import took 0.010811 seconds .

========================================================================
Received Import Request.
  Time since last request: 199.485161 seconds.
  path: Assets/Scripts/Path.cs
  artifactKey: Guid(4118fe531562c84458a583aba0fa28ca) Importer(815301076,1909f56bfc062723c751e8b465ee728b)
Start importing Assets/Scripts/Path.cs using Guid(4118fe531562c84458a583aba0fa28ca) Importer(815301076,1909f56bfc062723c751e8b465ee728b)  -> (artifact id: '5d4aac7b1a80cb9aa6478c1470471612') in 0.028902 seconds
  Import took 0.098700 seconds .

========================================================================
Received Prepare
Registering precompiled user dll's ...
Registered in 0.002176 seconds.
Begin MonoManager ReloadAssembly
Native extension for LinuxStandalone target not found
Native extension for WindowsStandalone target not found
Native extension for OSXStandalone target not found
Refreshing native plugins compatible for Editor in 0.48 ms, found 0 plugins.
Preloading 0 native plugins for Editor in 0.00 ms.
Invoked RoslynAnalysisRunner static constructor.
RoslynAnalysisRunner will not be running.
RoslynAnalysisRunner has terminated.
Mono: successfully reloaded assembly
- Completed reload, in  2.593 seconds
Platform modules already initialized, skipping
Refreshing native plugins compatible for Editor in 0.33 ms, found 0 plugins.
Preloading 0 native plugins for Editor in 0.00 ms.
Unloading 1118 Unused Serialized files (Serialized files now loaded: 0)
System memory in use before: 60.9 MB.
System memory in use after: 60.9 MB.

Unloading 5 unused Assets to reduce memory usage. Loaded Objects now: 1662.
Total: 2.916200 ms (FindLiveObjects: 0.306400 ms CreateObjectMapping: 0.069300 ms MarkObjects: 2.447300 ms  DeleteObjects: 0.090800 ms)

========================================================================
Received Prepare
Registering precompiled user dll's ...
Registered in 0.002079 seconds.
Begin MonoManager ReloadAssembly
Native extension for LinuxStandalone target not found
Native extension for WindowsStandalone target not found
Native extension for OSXStandalone target not found
Refreshing native plugins compatible for Editor in 0.32 ms, found 0 plugins.
Preloading 0 native plugins for Editor in 0.00 ms.
Invoked RoslynAnalysisRunner static constructor.
RoslynAnalysisRunner will not be running.
RoslynAnalysisRunner has terminated.
Mono: successfully reloaded assembly
- Completed reload, in  1.541 seconds
Platform modules already initialized, skipping
Refreshing native plugins compatible for Editor in 0.32 ms, found 0 plugins.
Preloading 0 native plugins for Editor in 0.00 ms.
Unloading 1118 Unused Serialized files (Serialized files now loaded: 0)
System memory in use before: 60.9 MB.
System memory in use after: 61.0 MB.

Unloading 5 unused Assets to reduce memory usage. Loaded Objects now: 1665.
Total: 2.910400 ms (FindLiveObjects: 0.251100 ms CreateObjectMapping: 0.074200 ms MarkObjects: 2.499500 ms  DeleteObjects: 0.083500 ms)

========================================================================
Received Import Request.
  Time since last request: 1462.788911 seconds.
  path: Assets/Scripts/Path.cs
  artifactKey: Guid(4118fe531562c84458a583aba0fa28ca) Importer(815301076,1909f56bfc062723c751e8b465ee728b)
Start importing Assets/Scripts/Path.cs using Guid(4118fe531562c84458a583aba0fa28ca) Importer(815301076,1909f56bfc062723c751e8b465ee728b)  -> (artifact id: 'bee82b8ada0de56a84781db0036945bb') in 0.007341 seconds
  Import took 0.011012 seconds .

========================================================================
Received Prepare
Registering precompiled user dll's ...
Registered in 0.001383 seconds.
Begin MonoManager ReloadAssembly
Native extension for LinuxStandalone target not found
Native extension for WindowsStandalone target not found
Native extension for OSXStandalone target not found
Refreshing native plugins compatible for Editor in 0.33 ms, found 0 plugins.
Preloading 0 native plugins for Editor in 0.00 ms.
Invoked RoslynAnalysisRunner static constructor.
RoslynAnalysisRunner will not be running.
RoslynAnalysisRunner has terminated.
Mono: successfully reloaded assembly
- Completed reload, in  1.672 seconds
Platform modules already initialized, skipping
Refreshing native plugins compatible for Editor in 0.33 ms, found 0 plugins.
Preloading 0 native plugins for Editor in 0.00 ms.
Unloading 1118 Unused Serialized files (Serialized files now loaded: 0)
System memory in use before: 60.9 MB.
System memory in use after: 61.0 MB.

Unloading 5 unused Assets to reduce memory usage. Loaded Objects now: 1668.
Total: 3.022300 ms (FindLiveObjects: 0.238000 ms CreateObjectMapping: 0.058400 ms MarkObjects: 2.639500 ms  DeleteObjects: 0.084500 ms)

========================================================================
Received Prepare
Registering precompiled user dll's ...
Registered in 0.001370 seconds.
Begin MonoManager ReloadAssembly
Native extension for LinuxStandalone target not found
Native extension for WindowsStandalone target not found
Native extension for OSXStandalone target not found
Refreshing native plugins compatible for Editor in 0.52 ms, found 0 plugins.
Preloading 0 native plugins for Editor in 0.00 ms.
Invoked RoslynAnalysisRunner static constructor.
RoslynAnalysisRunner will not be running.
RoslynAnalysisRunner has terminated.
Mono: successfully reloaded assembly
- Completed reload, in  1.594 seconds
Platform modules already initialized, skipping
Refreshing native plugins compatible for Editor in 0.32 ms, found 0 plugins.
Preloading 0 native plugins for Editor in 0.00 ms.
Unloading 1118 Unused Serialized files (Serialized files now loaded: 0)
System memory in use before: 60.9 MB.
System memory in use after: 61.0 MB.

Unloading 5 unused Assets to reduce memory usage. Loaded Objects now: 1671.
Total: 2.819400 ms (FindLiveObjects: 0.232600 ms CreateObjectMapping: 0.062600 ms MarkObjects: 2.443800 ms  DeleteObjects: 0.078600 ms)

========================================================================
Received Prepare
Registering precompiled user dll's ...
Registered in 0.001516 seconds.
Begin MonoManager ReloadAssembly
Native extension for LinuxStandalone target not found
Native extension for WindowsStandalone target not found
Native extension for OSXStandalone target not found
Refreshing native plugins compatible for Editor in 0.31 ms, found 0 plugins.
Preloading 0 native plugins for Editor in 0.00 ms.
Invoked RoslynAnalysisRunner static constructor.
RoslynAnalysisRunner will not be running.
RoslynAnalysisRunner has terminated.
Mono: successfully reloaded assembly
- Completed reload, in  1.494 seconds
Platform modules already initialized, skipping
Refreshing native plugins compatible for Editor in 0.33 ms, found 0 plugins.
Preloading 0 native plugins for Editor in 0.00 ms.
Unloading 1118 Unused Serialized files (Serialized files now loaded: 0)
System memory in use before: 60.9 MB.
System memory in use after: 61.0 MB.

Unloading 5 unused Assets to reduce memory usage. Loaded Objects now: 1674.
Total: 3.095900 ms (FindLiveObjects: 0.325000 ms CreateObjectMapping: 0.086400 ms MarkObjects: 2.604000 ms  DeleteObjects: 0.078800 ms)

========================================================================
Received Prepare
Registering precompiled user dll's ...
Registered in 0.001861 seconds.
Begin MonoManager ReloadAssembly
Native extension for LinuxStandalone target not found
Native extension for WindowsStandalone target not found
Native extension for OSXStandalone target not found
Refreshing native plugins compatible for Editor in 0.32 ms, found 0 plugins.
Preloading 0 native plugins for Editor in 0.00 ms.
Invoked RoslynAnalysisRunner static constructor.
RoslynAnalysisRunner will not be running.
RoslynAnalysisRunner has terminated.
Mono: successfully reloaded assembly
- Completed reload, in  1.587 seconds
Platform modules already initialized, skipping
Refreshing native plugins compatible for Editor in 0.32 ms, found 0 plugins.
Preloading 0 native plugins for Editor in 0.00 ms.
Unloading 1118 Unused Serialized files (Serialized files now loaded: 0)
System memory in use before: 60.9 MB.
System memory in use after: 61.0 MB.

Unloading 5 unused Assets to reduce memory usage. Loaded Objects now: 1677.
Total: 3.002400 ms (FindLiveObjects: 0.320400 ms CreateObjectMapping: 0.068400 ms MarkObjects: 2.522600 ms  DeleteObjects: 0.089300 ms)

========================================================================
Received Prepare
Registering precompiled user dll's ...
Registered in 0.001322 seconds.
Begin MonoManager ReloadAssembly
Native extension for LinuxStandalone target not found
Native extension for WindowsStandalone target not found
Native extension for OSXStandalone target not found
Refreshing native plugins compatible for Editor in 0.32 ms, found 0 plugins.
Preloading 0 native plugins for Editor in 0.00 ms.
Invoked RoslynAnalysisRunner static constructor.
RoslynAnalysisRunner will not be running.
RoslynAnalysisRunner has terminated.
Mono: successfully reloaded assembly
- Completed reload, in  1.477 seconds
Platform modules already initialized, skipping
Refreshing native plugins compatible for Editor in 0.32 ms, found 0 plugins.
Preloading 0 native plugins for Editor in 0.00 ms.
Unloading 1118 Unused Serialized files (Serialized files now loaded: 0)
System memory in use before: 60.9 MB.
System memory in use after: 61.0 MB.

Unloading 5 unused Assets to reduce memory usage. Loaded Objects now: 1680.
Total: 3.117600 ms (FindLiveObjects: 0.337900 ms CreateObjectMapping: 0.118000 ms MarkObjects: 2.573900 ms  DeleteObjects: 0.086000 ms)

AssetImportWorkerClient::OnTransportError - code=2 error=End of file
